<?xml version="1.0" encoding="UTF-8"?>
<testng-results skipped="0" failed="0" total="1" passed="1">
  <reporter-output>
  </reporter-output>
  <suite name="Default suite" duration-ms="67" started-at="2019-04-10T19:31:47Z" finished-at="2019-04-10T19:31:47Z">
    <groups>
    </groups>
    <test name="Default test" duration-ms="67" started-at="2019-04-10T19:31:47Z" finished-at="2019-04-10T19:31:47Z">
      <class name="org.testng.com.Demo.Test1">
        <test-method status="PASS" signature="te()[pri:0, instance:org.testng.com.Demo.Test1@573f2bb1]" name="te" duration-ms="32" started-at="2019-04-11T01:01:47Z" finished-at="2019-04-11T01:01:47Z">
          <reporter-output>
          </reporter-output>
        </test-method> <!-- te -->
      </class> <!-- org.testng.com.Demo.Test1 -->
    </test> <!-- Default test -->
  </suite> <!-- Default suite -->
</testng-results>
